<?xml version="1.0" encoding="UTF-8"?>
<!-- Generated by org.testng.reporters.JUnitXMLReporter -->
<testsuite ignored="6" hostname="DESKTOP-UCUERCQ" failures="0" tests="2" name="Tclogin" time="44.161" errors="0" timestamp="2024-04-16T18:24:01 IST">
  <testcase classname="testCases.Tclogin" name="launchBrowser" time="19.831"/>
  <testcase classname="testCases.Tclogin" name="TrainingFman" time="23.969"/>
  <testcase classname="testCases.Tclogin" name="SowingFmanTest" time="0.0">
    <ignored/>
  </testcase> <!-- SowingFmanTest -->
  <testcase classname="testCases.Tclogin" name="InputDistributionFman" time="0.0">
    <ignored/>
  </testcase> <!-- InputDistributionFman -->
  <testcase classname="testCases.Tclogin" name="FarmerFmanTest" time="0.0">
    <ignored/>
  </testcase> <!-- FarmerFmanTest -->
  <testcase classname="testCases.Tclogin" name="WarehousestockFmanTest" time="0.0">
    <ignored/>
  </testcase> <!-- WarehousestockFmanTest -->
  <testcase classname="testCases.Tclogin" name="DistributiontoMobileUser" time="0.0">
    <ignored/>
  </testcase> <!-- DistributiontoMobileUser -->
  <testcase classname="testCases.Tclogin" name="FarmFmanTest" time="0.0">
    <ignored/>
  </testcase> <!-- FarmFmanTest -->
</testsuite> <!-- Tclogin -->
